# JRE version: Java(TM) SE Runtime Environment (21.0.1+12) (build 21.0.1+12-LTS-29)
# Java VM: Java HotSpot(TM) 64-Bit Server VM (21.0.1+12-LTS-29, mixed mode, sharing, tiered, compressed oops, compressed class ptrs, g1 gc, windows-amd64)
GC Precious Log:
 CardTable entry size: 512
 Card Set container configuration: InlinePtr #cards 4 size 8 Array Of Cards #cards 16 size 48 Howl #buckets 8 coarsen threshold 3686 Howl Bitmap #cards 512 size 80 coarsen threshold 460 Card regions per heap region 1 cards per card region 4096
 CPUs: 12 total, 12 available
 Memory: 16105M
 Large Page Support: Disabled
 NUMA Support: Disabled
 Compressed Oops: Enabled (Zero based)
 Heap Region Size: 2M
 Heap Min Capacity: 8M
 Heap Initial Capacity: 252M
 Heap Max Capacity: 4028M
 Pre-touch: Disabled
 Parallel Workers: 10
 Concurrent Workers: 3
 Concurrent Refinement Workers: 10
 Periodic GC: Disabled
Heap:
 garbage-first heap   total 61440K, used 31507K [0x0000000704400000, 0x0000000800000000)
  region size 2048K, 1 young (2048K), 1 survivors (2048K)
 Metaspace       used 66096K, committed 66880K, reserved 1114112K
  class space    used 8870K, committed 9216K, reserved 1048576K
GC Heap History (20 events):
Event: 0.652 GC heap after
{Heap after GC invocations=2 (full 0):
 garbage-first heap   total 258048K, used 9012K [0x0000000704400000, 0x0000000800000000)
  region size 2048K, 2 young (4096K), 2 survivors (4096K)
 Metaspace       used 12899K, committed 13184K, reserved 1114112K
  class space    used 1545K, committed 1664K, reserved 1048576K
}
Event: 1.244 GC heap before
{Heap before GC invocations=2 (full 0):
 garbage-first heap   total 258048K, used 58164K [0x0000000704400000, 0x0000000800000000)
  region size 2048K, 27 young (55296K), 2 survivors (4096K)
 Metaspace       used 21280K, committed 21504K, reserved 1114112K
  class space    used 2563K, committed 2688K, reserved 1048576K
}
Event: 1.249 GC heap after
{Heap after GC invocations=3 (full 0):
 garbage-first heap   total 258048K, used 13557K [0x0000000704400000, 0x0000000800000000)
  region size 2048K, 4 young (8192K), 4 survivors (8192K)
 Metaspace       used 21280K, committed 21504K, reserved 1114112K
  class space    used 2563K, committed 2688K, reserved 1048576K
}
Event: 1.725 GC heap before
{Heap before GC invocations=4 (full 0):
 garbage-first heap   total 61440K, used 42229K [0x0000000704400000, 0x0000000800000000)
  region size 2048K, 18 young (36864K), 4 survivors (8192K)
 Metaspace       used 25582K, committed 25984K, reserved 1114112K
  class space    used 3231K, committed 3392K, reserved 1048576K
}
Event: 1.730 GC heap after
{Heap after GC invocations=5 (full 0):
 garbage-first heap   total 61440K, used 16411K [0x0000000704400000, 0x0000000800000000)
  region size 2048K, 2 young (4096K), 2 survivors (4096K)
 Metaspace       used 25582K, committed 25984K, reserved 1114112K
  class space    used 3231K, committed 3392K, reserved 1048576K
}
Event: 2.323 GC heap before
{Heap before GC invocations=5 (full 0):
 garbage-first heap   total 61440K, used 43035K [0x0000000704400000, 0x0000000800000000)
  region size 2048K, 15 young (30720K), 2 survivors (4096K)
 Metaspace       used 30863K, committed 31360K, reserved 1114112K
  class space    used 3882K, committed 4096K, reserved 1048576K
}
Event: 2.327 GC heap after
{Heap after GC invocations=6 (full 0):
 garbage-first heap   total 61440K, used 18207K [0x0000000704400000, 0x0000000800000000)
  region size 2048K, 1 young (2048K), 1 survivors (2048K)
 Metaspace       used 30863K, committed 31360K, reserved 1114112K
  class space    used 3882K, committed 4096K, reserved 1048576K
}
Event: 2.660 GC heap before
{Heap before GC invocations=6 (full 0):
 garbage-first heap   total 61440K, used 34591K [0x0000000704400000, 0x0000000800000000)
  region size 2048K, 10 young (20480K), 1 survivors (2048K)
 Metaspace       used 35645K, committed 36160K, reserved 1114112K
  class space    used 4685K, committed 4928K, reserved 1048576K
}
Event: 2.662 GC heap after
{Heap after GC invocations=7 (full 0):
 garbage-first heap   total 61440K, used 18963K [0x0000000704400000, 0x0000000800000000)
  region size 2048K, 2 young (4096K), 2 survivors (4096K)
 Metaspace       used 35645K, committed 36160K, reserved 1114112K
  class space    used 4685K, committed 4928K, reserved 1048576K
}
Event: 3.249 GC heap before
{Heap before GC invocations=8 (full 0):
 garbage-first heap   total 61440K, used 49683K [0x0000000704400000, 0x0000000800000000)
  region size 2048K, 17 young (34816K), 2 survivors (4096K)
 Metaspace       used 44405K, committed 44992K, reserved 1114112K
  class space    used 5765K, committed 6016K, reserved 1048576K
}
Event: 3.252 GC heap after
{Heap after GC invocations=9 (full 0):
 garbage-first heap   total 61440K, used 22285K [0x0000000704400000, 0x0000000800000000)
  region size 2048K, 3 young (6144K), 3 survivors (6144K)
 Metaspace       used 44405K, committed 44992K, reserved 1114112K
  class space    used 5765K, committed 6016K, reserved 1048576K
}
Event: 3.619 GC heap before
{Heap before GC invocations=9 (full 0):
 garbage-first heap   total 61440K, used 50957K [0x0000000704400000, 0x0000000800000000)
  region size 2048K, 17 young (34816K), 3 survivors (6144K)
 Metaspace       used 51503K, committed 52096K, reserved 1114112K
  class space    used 6867K, committed 7104K, reserved 1048576K
}
Event: 3.621 GC heap after
{Heap after GC invocations=10 (full 0):
 garbage-first heap   total 61440K, used 23641K [0x0000000704400000, 0x0000000800000000)
  region size 2048K, 3 young (6144K), 3 survivors (6144K)
 Metaspace       used 51503K, committed 52096K, reserved 1114112K
  class space    used 6867K, committed 7104K, reserved 1048576K
}
Event: 4.055 GC heap before
{Heap before GC invocations=10 (full 0):
 garbage-first heap   total 61440K, used 48217K [0x0000000704400000, 0x0000000800000000)
  region size 2048K, 15 young (30720K), 3 survivors (6144K)
 Metaspace       used 56220K, committed 56896K, reserved 1114112K
  class space    used 7494K, committed 7808K, reserved 1048576K
}
Event: 4.059 GC heap after
{Heap after GC invocations=11 (full 0):
 garbage-first heap   total 61440K, used 25121K [0x0000000704400000, 0x0000000800000000)
  region size 2048K, 2 young (4096K), 2 survivors (4096K)
 Metaspace       used 56220K, committed 56896K, reserved 1114112K
  class space    used 7494K, committed 7808K, reserved 1048576K
}
Event: 4.361 GC heap before
{Heap before GC invocations=11 (full 0):
 garbage-first heap   total 61440K, used 45601K [0x0000000704400000, 0x0000000800000000)
  region size 2048K, 13 young (26624K), 2 survivors (4096K)
 Metaspace       used 59858K, committed 60480K, reserved 1114112K
  class space    used 7971K, committed 8256K, reserved 1048576K
}
Event: 4.364 GC heap after
{Heap after GC invocations=12 (full 0):
 garbage-first heap   total 61440K, used 27320K [0x0000000704400000, 0x0000000800000000)
  region size 2048K, 2 young (4096K), 2 survivors (4096K)
 Metaspace       used 59858K, committed 60480K, reserved 1114112K
  class space    used 7971K, committed 8256K, reserved 1048576K
}
Event: 4.714 GC heap before
{Heap before GC invocations=13 (full 0):
 garbage-first heap   total 61440K, used 51896K [0x0000000704400000, 0x0000000800000000)
  region size 2048K, 14 young (28672K), 2 survivors (4096K)
 Metaspace       used 61726K, committed 62464K, reserved 1114112K
  class space    used 8270K, committed 8576K, reserved 1048576K
}
Event: 4.718 GC heap after
{Heap after GC invocations=14 (full 0):
 garbage-first heap   total 61440K, used 30487K [0x0000000704400000, 0x0000000800000000)
  region size 2048K, 2 young (4096K), 2 survivors (4096K)
 Metaspace       used 61726K, committed 62464K, reserved 1114112K
  class space    used 8270K, committed 8576K, reserved 1048576K
}
Event: 60.164 GC heap before
{Heap before GC invocations=14 (full 0):
 garbage-first heap   total 61440K, used 48919K [0x0000000704400000, 0x0000000800000000)
  region size 2048K, 12 young (24576K), 2 survivors (4096K)
 Metaspace       used 66096K, committed 66880K, reserved 1114112K
  class space    used 8870K, committed 9216K, reserved 1048576K
}

